<?xml version="1.0" encoding="UTF-8"?>
<coverage generated="1548425280138" clover="3.2.0">
  <project timestamp="1548425280139" name="All files">
    <metrics statements="70" coveredstatements="70" conditionals="42" coveredconditionals="42" methods="21" coveredmethods="21" elements="133" coveredelements="133" complexity="0" loc="70" ncloc="70" packages="3" files="7" classes="7">
      <package name="src">
        <metrics statements="5" coveredstatements="5" conditionals="0" coveredconditionals="0" methods="0" coveredmethods="0"/>
        <file name="constants.js" path="/Users/mmarinich/WebstormProjects 16.03.39/hierarchy-js/src/constants.js">
          <metrics statements="1" coveredstatements="1" conditionals="0" coveredconditionals="0" methods="0" coveredmethods="0"/>
          <line num="1" count="11" type="stmt"/>
        </file>
        <file name="index.js" path="/Users/mmarinich/WebstormProjects 16.03.39/hierarchy-js/src/index.js">
          <metrics statements="4" coveredstatements="4" conditionals="0" coveredconditionals="0" methods="0" coveredmethods="0"/>
          <line num="1" count="2" type="stmt"/>
          <line num="2" count="2" type="stmt"/>
          <line num="3" count="2" type="stmt"/>
          <line num="5" count="2" type="stmt"/>
        </file>
      </package>
      <package name="src.methods">
        <metrics statements="23" coveredstatements="23" conditionals="15" coveredconditionals="15" methods="4" coveredmethods="4"/>
        <file name="createFlatHierarchy.js" path="/Users/mmarinich/WebstormProjects 16.03.39/hierarchy-js/src/methods/createFlatHierarchy.js">
          <metrics statements="13" coveredstatements="13" conditionals="9" coveredconditionals="9" methods="2" coveredmethods="2"/>
          <line num="1" count="2" type="stmt"/>
          <line num="3" count="2" type="cond" truecount="1" falsecount="0"/>
          <line num="4" count="13" type="stmt"/>
          <line num="6" count="13" type="stmt"/>
          <line num="7" count="17" type="cond" truecount="2" falsecount="0"/>
          <line num="8" count="8" type="stmt"/>
          <line num="9" count="8" type="stmt"/>
          <line num="11" count="8" type="cond" truecount="2" falsecount="0"/>
          <line num="12" count="8" type="cond" truecount="2" falsecount="0"/>
          <line num="14" count="8" type="stmt"/>
          <line num="16" count="9" type="cond" truecount="2" falsecount="0"/>
          <line num="19" count="13" type="stmt"/>
          <line num="22" count="2" type="stmt"/>
        </file>
        <file name="createTreeHierarchy.js" path="/Users/mmarinich/WebstormProjects 16.03.39/hierarchy-js/src/methods/createTreeHierarchy.js">
          <metrics statements="10" coveredstatements="10" conditionals="6" coveredconditionals="6" methods="2" coveredmethods="2"/>
          <line num="1" count="2" type="stmt"/>
          <line num="3" count="2" type="stmt"/>
          <line num="4" count="11" type="stmt"/>
          <line num="6" count="11" type="cond" truecount="2" falsecount="0"/>
          <line num="7" count="3" type="stmt"/>
          <line num="9" count="11" type="cond" truecount="2" falsecount="0"/>
          <line num="10" count="6" type="cond" truecount="2" falsecount="0"/>
          <line num="11" count="8" type="stmt"/>
          <line num="13" count="11" type="stmt"/>
          <line num="16" count="2" type="stmt"/>
        </file>
      </package>
      <package name="src.services">
        <metrics statements="42" coveredstatements="42" conditionals="27" coveredconditionals="27" methods="17" coveredmethods="17"/>
        <file name="common.js" path="/Users/mmarinich/WebstormProjects 16.03.39/hierarchy-js/src/services/common.js">
          <metrics statements="25" coveredstatements="25" conditionals="16" coveredconditionals="16" methods="11" coveredmethods="11"/>
          <line num="1" count="7" type="stmt"/>
          <line num="2" count="7" type="stmt"/>
          <line num="4" count="7" type="stmt"/>
          <line num="5" count="29" type="stmt"/>
          <line num="8" count="7" type="stmt"/>
          <line num="9" count="20" type="stmt"/>
          <line num="10" count="20" type="cond" truecount="3" falsecount="0"/>
          <line num="13" count="7" type="cond" truecount="1" falsecount="0"/>
          <line num="14" count="13" type="cond" truecount="2" falsecount="0"/>
          <line num="17" count="7" type="stmt"/>
          <line num="18" count="11" type="stmt"/>
          <line num="19" count="36" type="cond" truecount="2" falsecount="0"/>
          <line num="22" count="7" type="stmt"/>
          <line num="23" count="6" type="stmt"/>
          <line num="24" count="6" type="cond" truecount="2" falsecount="0"/>
          <line num="27" count="7" type="stmt"/>
          <line num="28" count="8" type="cond" truecount="2" falsecount="0"/>
          <line num="29" count="6" type="stmt"/>
          <line num="30" count="6" type="stmt"/>
          <line num="32" count="8" type="stmt"/>
          <line num="35" count="9" type="stmt"/>
          <line num="36" count="14" type="cond" truecount="4" falsecount="0"/>
          <line num="37" count="10" type="stmt"/>
          <line num="38" count="10" type="stmt"/>
          <line num="42" count="7" type="stmt"/>
        </file>
        <file name="createCopy.js" path="/Users/mmarinich/WebstormProjects 16.03.39/hierarchy-js/src/services/createCopy.js">
          <metrics statements="8" coveredstatements="8" conditionals="6" coveredconditionals="6" methods="2" coveredmethods="2"/>
          <line num="1" count="9" type="stmt"/>
          <line num="2" count="93" type="cond" truecount="4" falsecount="0"/>
          <line num="4" count="48" type="cond" truecount="2" falsecount="0"/>
          <line num="5" count="48" type="stmt"/>
          <line num="8" count="9" type="stmt"/>
          <line num="9" count="53" type="stmt"/>
          <line num="15" count="53" type="stmt"/>
          <line num="18" count="9" type="stmt"/>
        </file>
        <file name="options.js" path="/Users/mmarinich/WebstormProjects 16.03.39/hierarchy-js/src/services/options.js">
          <metrics statements="9" coveredstatements="9" conditionals="5" coveredconditionals="5" methods="4" coveredmethods="4"/>
          <line num="1" count="11" type="stmt"/>
          <line num="3" count="11" type="stmt"/>
          <line num="5" count="57" type="cond" truecount="2" falsecount="0"/>
          <line num="6" count="52" type="cond" truecount="2" falsecount="0"/>
          <line num="7" count="43" type="stmt"/>
          <line num="9" count="11" type="cond" truecount="1" falsecount="0"/>
          <line num="10" count="24" type="stmt"/>
          <line num="11" count="24" type="stmt"/>
          <line num="14" count="11" type="stmt"/>
        </file>
      </package>
    </metrics>
  </project>
</coverage>
