{"/Users/mmarinich/WebstormProjects 16.03.39/hierarchy-js/src/constants.js": {"path":"/Users/mmarinich/WebstormProjects 16.03.39/hierarchy-js/src/constants.js","statementMap":{"0":{"start":{"line":1,"column":0},"end":{"line":7,"column":1}}},"fnMap":{},"branchMap":{},"s":{"0":11},"f":{},"b":{},"_coverageSchema":"332fd63041d2c1bcb487cc26dd0d5f7d97098a6c","hash":"726679e7730cc68f822de3a1f9c71d76f4f11eeb"}
,"/Users/mmarinich/WebstormProjects 16.03.39/hierarchy-js/src/index.js": {"path":"/Users/mmarinich/WebstormProjects 16.03.39/hierarchy-js/src/index.js","statementMap":{"0":{"start":{"line":1,"column":28},"end":{"line":1,"column":56}},"1":{"start":{"line":2,"column":32},"end":{"line":2,"column":72}},"2":{"start":{"line":3,"column":32},"end":{"line":3,"column":72}},"3":{"start":{"line":5,"column":0},"end":{"line":8,"column":1}}},"fnMap":{},"branchMap":{},"s":{"0":2,"1":2,"2":2,"3":2},"f":{},"b":{},"_coverageSchema":"332fd63041d2c1bcb487cc26dd0d5f7d97098a6c","hash":"9f90dcd0b42257157373e8a1afeae1e209a0b9ae"}
,"/Users/mmarinich/WebstormProjects 16.03.39/hierarchy-js/src/methods/createFlatHierarchy.js": {"path":"/Users/mmarinich/WebstormProjects 16.03.39/hierarchy-js/src/methods/createFlatHierarchy.js","statementMap":{"0":{"start":{"line":1,"column":37},"end":{"line":1,"column":66}},"1":{"start":{"line":3,"column":28},"end":{"line":20,"column":1}},"2":{"start":{"line":4,"column":17},"end":{"line":4,"column":19}},"3":{"start":{"line":6,"column":2},"end":{"line":18,"column":4}},"4":{"start":{"line":7,"column":4},"end":{"line":17,"column":5}},"5":{"start":{"line":8,"column":18},"end":{"line":8,"column":31}},"6":{"start":{"line":9,"column":23},"end":{"line":9,"column":53}},"7":{"start":{"line":11,"column":6},"end":{"line":11,"column":56}},"8":{"start":{"line":12,"column":6},"end":{"line":12,"column":54}},"9":{"start":{"line":14,"column":6},"end":{"line":14,"column":42}},"10":{"start":{"line":16,"column":6},"end":{"line":16,"column":51}},"11":{"start":{"line":19,"column":2},"end":{"line":19,"column":17}},"12":{"start":{"line":22,"column":0},"end":{"line":22,"column":40}}},"fnMap":{"0":{"name":"(anonymous_0)","decl":{"start":{"line":3,"column":28},"end":{"line":3,"column":29}},"loc":{"start":{"line":3,"column":61},"end":{"line":20,"column":1}},"line":3},"1":{"name":"(anonymous_1)","decl":{"start":{"line":6,"column":16},"end":{"line":6,"column":17}},"loc":{"start":{"line":6,"column":26},"end":{"line":18,"column":3}},"line":6}},"branchMap":{"0":{"loc":{"start":{"line":3,"column":44},"end":{"line":3,"column":56}},"type":"default-arg","locations":[{"start":{"line":3,"column":54},"end":{"line":3,"column":56}}],"line":3},"1":{"loc":{"start":{"line":7,"column":4},"end":{"line":17,"column":5}},"type":"if","locations":[{"start":{"line":7,"column":4},"end":{"line":17,"column":5}},{"start":{"line":7,"column":4},"end":{"line":17,"column":5}}],"line":7},"2":{"loc":{"start":{"line":11,"column":6},"end":{"line":11,"column":56}},"type":"binary-expr","locations":[{"start":{"line":11,"column":6},"end":{"line":11,"column":36}},{"start":{"line":11,"column":40},"end":{"line":11,"column":56}}],"line":11},"3":{"loc":{"start":{"line":12,"column":6},"end":{"line":12,"column":54}},"type":"binary-expr","locations":[{"start":{"line":12,"column":6},"end":{"line":12,"column":28}},{"start":{"line":12,"column":32},"end":{"line":12,"column":54}}],"line":12},"4":{"loc":{"start":{"line":16,"column":6},"end":{"line":16,"column":51}},"type":"binary-expr","locations":[{"start":{"line":16,"column":6},"end":{"line":16,"column":28}},{"start":{"line":16,"column":32},"end":{"line":16,"column":51}}],"line":16}},"s":{"0":2,"1":2,"2":13,"3":13,"4":17,"5":8,"6":8,"7":8,"8":8,"9":8,"10":9,"11":13,"12":2},"f":{"0":13,"1":17},"b":{"0":[8],"1":[8,9],"2":[8,8],"3":[8,6],"4":[9,7]},"_coverageSchema":"332fd63041d2c1bcb487cc26dd0d5f7d97098a6c","hash":"68a127266a219f39448e655b834215842608e189"}
,"/Users/mmarinich/WebstormProjects 16.03.39/hierarchy-js/src/methods/createTreeHierarchy.js": {"path":"/Users/mmarinich/WebstormProjects 16.03.39/hierarchy-js/src/methods/createTreeHierarchy.js","statementMap":{"0":{"start":{"line":1,"column":51},"end":{"line":1,"column":80}},"1":{"start":{"line":3,"column":28},"end":{"line":14,"column":1}},"2":{"start":{"line":4,"column":17},"end":{"line":4,"column":19}},"3":{"start":{"line":6,"column":2},"end":{"line":7,"column":35}},"4":{"start":{"line":6,"column":14},"end":{"line":6,"column":51}},"5":{"start":{"line":7,"column":7},"end":{"line":7,"column":35}},"6":{"start":{"line":9,"column":2},"end":{"line":12,"column":3}},"7":{"start":{"line":10,"column":4},"end":{"line":10,"column":45}},"8":{"start":{"line":11,"column":4},"end":{"line":11,"column":64}},"9":{"start":{"line":11,"column":31},"end":{"line":11,"column":63}},"10":{"start":{"line":13,"column":2},"end":{"line":13,"column":17}},"11":{"start":{"line":16,"column":0},"end":{"line":16,"column":40}}},"fnMap":{"0":{"name":"(anonymous_0)","decl":{"start":{"line":3,"column":28},"end":{"line":3,"column":29}},"loc":{"start":{"line":3,"column":47},"end":{"line":14,"column":1}},"line":3},"1":{"name":"(anonymous_1)","decl":{"start":{"line":11,"column":21},"end":{"line":11,"column":22}},"loc":{"start":{"line":11,"column":31},"end":{"line":11,"column":63}},"line":11}},"branchMap":{"0":{"loc":{"start":{"line":6,"column":2},"end":{"line":7,"column":35}},"type":"if","locations":[{"start":{"line":6,"column":2},"end":{"line":7,"column":35}},{"start":{"line":6,"column":2},"end":{"line":7,"column":35}}],"line":6},"1":{"loc":{"start":{"line":9,"column":2},"end":{"line":12,"column":3}},"type":"if","locations":[{"start":{"line":9,"column":2},"end":{"line":12,"column":3}},{"start":{"line":9,"column":2},"end":{"line":12,"column":3}}],"line":9},"2":{"loc":{"start":{"line":10,"column":4},"end":{"line":10,"column":45}},"type":"binary-expr","locations":[{"start":{"line":10,"column":4},"end":{"line":10,"column":10}},{"start":{"line":10,"column":14},"end":{"line":10,"column":45}}],"line":10}},"s":{"0":2,"1":2,"2":11,"3":11,"4":8,"5":3,"6":11,"7":6,"8":6,"9":8,"10":11,"11":2},"f":{"0":11,"1":8},"b":{"0":[8,3],"1":[6,5],"2":[6,4]},"_coverageSchema":"332fd63041d2c1bcb487cc26dd0d5f7d97098a6c","hash":"531c66439cdfde31e36837dd350c74b96797416f"}
,"/Users/mmarinich/WebstormProjects 16.03.39/hierarchy-js/src/services/common.js": {"path":"/Users/mmarinich/WebstormProjects 16.03.39/hierarchy-js/src/services/common.js","statementMap":{"0":{"start":{"line":1,"column":23},"end":{"line":1,"column":56}},"1":{"start":{"line":2,"column":73},"end":{"line":2,"column":93}},"2":{"start":{"line":4,"column":18},"end":{"line":6,"column":1}},"3":{"start":{"line":5,"column":2},"end":{"line":5,"column":52}},"4":{"start":{"line":5,"column":30},"end":{"line":5,"column":51}},"5":{"start":{"line":8,"column":20},"end":{"line":11,"column":1}},"6":{"start":{"line":9,"column":14},"end":{"line":9,"column":27}},"7":{"start":{"line":10,"column":2},"end":{"line":10,"column":50}},"8":{"start":{"line":13,"column":19},"end":{"line":15,"column":1}},"9":{"start":{"line":14,"column":2},"end":{"line":14,"column":78}},"10":{"start":{"line":14,"column":32},"end":{"line":14,"column":77}},"11":{"start":{"line":17,"column":20},"end":{"line":20,"column":1}},"12":{"start":{"line":18,"column":18},"end":{"line":18,"column":27}},"13":{"start":{"line":19,"column":2},"end":{"line":19,"column":74}},"14":{"start":{"line":19,"column":42},"end":{"line":19,"column":68}},"15":{"start":{"line":22,"column":26},"end":{"line":25,"column":1}},"16":{"start":{"line":23,"column":14},"end":{"line":23,"column":27}},"17":{"start":{"line":24,"column":2},"end":{"line":24,"column":62}},"18":{"start":{"line":27,"column":22},"end":{"line":33,"column":1}},"19":{"start":{"line":28,"column":2},"end":{"line":31,"column":3}},"20":{"start":{"line":29,"column":27},"end":{"line":29,"column":52}},"21":{"start":{"line":30,"column":4},"end":{"line":30,"column":59}},"22":{"start":{"line":32,"column":2},"end":{"line":32,"column":15}},"23":{"start":{"line":35,"column":24},"end":{"line":40,"column":1}},"24":{"start":{"line":35,"column":36},"end":{"line":40,"column":1}},"25":{"start":{"line":36,"column":2},"end":{"line":39,"column":3}},"26":{"start":{"line":37,"column":20},"end":{"line":37,"column":62}},"27":{"start":{"line":38,"column":4},"end":{"line":38,"column":51}},"28":{"start":{"line":42,"column":0},"end":{"line":42,"column":102}}},"fnMap":{"0":{"name":"(anonymous_0)","decl":{"start":{"line":4,"column":18},"end":{"line":4,"column":19}},"loc":{"start":{"line":4,"column":39},"end":{"line":6,"column":1}},"line":4},"1":{"name":"(anonymous_1)","decl":{"start":{"line":5,"column":20},"end":{"line":5,"column":21}},"loc":{"start":{"line":5,"column":30},"end":{"line":5,"column":51}},"line":5},"2":{"name":"(anonymous_2)","decl":{"start":{"line":8,"column":20},"end":{"line":8,"column":21}},"loc":{"start":{"line":8,"column":30},"end":{"line":11,"column":1}},"line":8},"3":{"name":"(anonymous_3)","decl":{"start":{"line":13,"column":19},"end":{"line":13,"column":20}},"loc":{"start":{"line":13,"column":35},"end":{"line":15,"column":1}},"line":13},"4":{"name":"(anonymous_4)","decl":{"start":{"line":14,"column":22},"end":{"line":14,"column":23}},"loc":{"start":{"line":14,"column":32},"end":{"line":14,"column":77}},"line":14},"5":{"name":"(anonymous_5)","decl":{"start":{"line":17,"column":20},"end":{"line":17,"column":21}},"loc":{"start":{"line":17,"column":38},"end":{"line":20,"column":1}},"line":17},"6":{"name":"(anonymous_6)","decl":{"start":{"line":19,"column":32},"end":{"line":19,"column":33}},"loc":{"start":{"line":19,"column":42},"end":{"line":19,"column":68}},"line":19},"7":{"name":"(anonymous_7)","decl":{"start":{"line":22,"column":26},"end":{"line":22,"column":27}},"loc":{"start":{"line":22,"column":38},"end":{"line":25,"column":1}},"line":22},"8":{"name":"(anonymous_8)","decl":{"start":{"line":27,"column":22},"end":{"line":27,"column":23}},"loc":{"start":{"line":27,"column":44},"end":{"line":33,"column":1}},"line":27},"9":{"name":"(anonymous_9)","decl":{"start":{"line":35,"column":24},"end":{"line":35,"column":25}},"loc":{"start":{"line":35,"column":36},"end":{"line":40,"column":1}},"line":35},"10":{"name":"(anonymous_10)","decl":{"start":{"line":35,"column":36},"end":{"line":35,"column":37}},"loc":{"start":{"line":35,"column":56},"end":{"line":40,"column":1}},"line":35}},"branchMap":{"0":{"loc":{"start":{"line":10,"column":12},"end":{"line":10,"column":49}},"type":"binary-expr","locations":[{"start":{"line":10,"column":12},"end":{"line":10,"column":16}},{"start":{"line":10,"column":20},"end":{"line":10,"column":29}},{"start":{"line":10,"column":33},"end":{"line":10,"column":49}}],"line":10},"1":{"loc":{"start":{"line":13,"column":20},"end":{"line":13,"column":30}},"type":"default-arg","locations":[{"start":{"line":13,"column":28},"end":{"line":13,"column":30}}],"line":13},"2":{"loc":{"start":{"line":14,"column":32},"end":{"line":14,"column":77}},"type":"binary-expr","locations":[{"start":{"line":14,"column":32},"end":{"line":14,"column":40}},{"start":{"line":14,"column":44},"end":{"line":14,"column":77}}],"line":14},"3":{"loc":{"start":{"line":19,"column":9},"end":{"line":19,"column":74}},"type":"cond-expr","locations":[{"start":{"line":19,"column":19},"end":{"line":19,"column":69}},{"start":{"line":19,"column":72},"end":{"line":19,"column":74}}],"line":19},"4":{"loc":{"start":{"line":24,"column":9},"end":{"line":24,"column":62}},"type":"cond-expr","locations":[{"start":{"line":24,"column":38},"end":{"line":24,"column":57}},{"start":{"line":24,"column":60},"end":{"line":24,"column":62}}],"line":24},"5":{"loc":{"start":{"line":28,"column":2},"end":{"line":31,"column":3}},"type":"if","locations":[{"start":{"line":28,"column":2},"end":{"line":31,"column":3}},{"start":{"line":28,"column":2},"end":{"line":31,"column":3}}],"line":28},"6":{"loc":{"start":{"line":36,"column":2},"end":{"line":39,"column":3}},"type":"if","locations":[{"start":{"line":36,"column":2},"end":{"line":39,"column":3}},{"start":{"line":36,"column":2},"end":{"line":39,"column":3}}],"line":36},"7":{"loc":{"start":{"line":36,"column":6},"end":{"line":36,"column":27}},"type":"binary-expr","locations":[{"start":{"line":36,"column":6},"end":{"line":36,"column":11}},{"start":{"line":36,"column":15},"end":{"line":36,"column":27}}],"line":36}},"s":{"0":7,"1":7,"2":7,"3":12,"4":29,"5":7,"6":20,"7":20,"8":7,"9":6,"10":13,"11":7,"12":11,"13":11,"14":36,"15":7,"16":6,"17":6,"18":7,"19":8,"20":6,"21":6,"22":8,"23":7,"24":9,"25":14,"26":10,"27":10,"28":7},"f":{"0":12,"1":29,"2":20,"3":6,"4":13,"5":11,"6":36,"7":6,"8":8,"9":9,"10":14},"b":{"0":[20,19,9],"1":[1],"2":[13,12],"3":[10,1],"4":[1,5],"5":[6,2],"6":[10,4],"7":[14,11]},"_coverageSchema":"332fd63041d2c1bcb487cc26dd0d5f7d97098a6c","hash":"00a36ebd71308f353a8b0b430005b55939f4734d"}
,"/Users/mmarinich/WebstormProjects 16.03.39/hierarchy-js/src/services/createCopy.js": {"path":"/Users/mmarinich/WebstormProjects 16.03.39/hierarchy-js/src/services/createCopy.js","statementMap":{"0":{"start":{"line":1,"column":19},"end":{"line":6,"column":1}},"1":{"start":{"line":2,"column":2},"end":{"line":2,"column":52}},"2":{"start":{"line":2,"column":41},"end":{"line":2,"column":52}},"3":{"start":{"line":4,"column":22},"end":{"line":4,"column":51}},"4":{"start":{"line":5,"column":2},"end":{"line":5,"column":48}},"5":{"start":{"line":8,"column":17},"end":{"line":16,"column":1}},"6":{"start":{"line":9,"column":2},"end":{"line":14,"column":3}},"7":{"start":{"line":15,"column":2},"end":{"line":15,"column":20}},"8":{"start":{"line":18,"column":0},"end":{"line":18,"column":41}}},"fnMap":{"0":{"name":"(anonymous_0)","decl":{"start":{"line":1,"column":19},"end":{"line":1,"column":20}},"loc":{"start":{"line":1,"column":29},"end":{"line":6,"column":1}},"line":1},"1":{"name":"(anonymous_1)","decl":{"start":{"line":8,"column":17},"end":{"line":8,"column":18}},"loc":{"start":{"line":8,"column":54},"end":{"line":16,"column":1}},"line":8}},"branchMap":{"0":{"loc":{"start":{"line":2,"column":2},"end":{"line":2,"column":52}},"type":"if","locations":[{"start":{"line":2,"column":2},"end":{"line":2,"column":52}},{"start":{"line":2,"column":2},"end":{"line":2,"column":52}}],"line":2},"1":{"loc":{"start":{"line":2,"column":6},"end":{"line":2,"column":39}},"type":"binary-expr","locations":[{"start":{"line":2,"column":6},"end":{"line":2,"column":11}},{"start":{"line":2,"column":15},"end":{"line":2,"column":39}}],"line":2},"2":{"loc":{"start":{"line":4,"column":22},"end":{"line":4,"column":51}},"type":"cond-expr","locations":[{"start":{"line":4,"column":44},"end":{"line":4,"column":46}},{"start":{"line":4,"column":49},"end":{"line":4,"column":51}}],"line":4}},"s":{"0":9,"1":93,"2":45,"3":48,"4":48,"5":9,"6":53,"7":53,"8":9},"f":{"0":93,"1":53},"b":{"0":[45,48],"1":[93,90],"2":[19,29]},"_coverageSchema":"332fd63041d2c1bcb487cc26dd0d5f7d97098a6c","hash":"3a4c3e57d9a64b7d5928bb12dd9daa9c861ecb7d"}
,"/Users/mmarinich/WebstormProjects 16.03.39/hierarchy-js/src/services/options.js": {"path":"/Users/mmarinich/WebstormProjects 16.03.39/hierarchy-js/src/services/options.js","statementMap":{"0":{"start":{"line":1,"column":23},"end":{"line":1,"column":46}},"1":{"start":{"line":3,"column":14},"end":{"line":3,"column":16}},"2":{"start":{"line":5,"column":11},"end":{"line":5,"column":45}},"3":{"start":{"line":5,"column":21},"end":{"line":5,"column":45}},"4":{"start":{"line":6,"column":17},"end":{"line":6,"column":57}},"5":{"start":{"line":6,"column":27},"end":{"line":6,"column":57}},"6":{"start":{"line":7,"column":20},"end":{"line":7,"column":42}},"7":{"start":{"line":7,"column":26},"end":{"line":7,"column":42}},"8":{"start":{"line":9,"column":42},"end":{"line":12,"column":1}},"9":{"start":{"line":10,"column":2},"end":{"line":10,"column":45}},"10":{"start":{"line":11,"column":2},"end":{"line":11,"column":16}},"11":{"start":{"line":14,"column":0},"end":{"line":14,"column":81}}},"fnMap":{"0":{"name":"(anonymous_0)","decl":{"start":{"line":5,"column":11},"end":{"line":5,"column":12}},"loc":{"start":{"line":5,"column":21},"end":{"line":5,"column":45}},"line":5},"1":{"name":"(anonymous_1)","decl":{"start":{"line":6,"column":17},"end":{"line":6,"column":18}},"loc":{"start":{"line":6,"column":27},"end":{"line":6,"column":57}},"line":6},"2":{"name":"(anonymous_2)","decl":{"start":{"line":7,"column":20},"end":{"line":7,"column":21}},"loc":{"start":{"line":7,"column":26},"end":{"line":7,"column":42}},"line":7},"3":{"name":"(anonymous_3)","decl":{"start":{"line":9,"column":42},"end":{"line":9,"column":43}},"loc":{"start":{"line":9,"column":60},"end":{"line":12,"column":1}},"line":9}},"branchMap":{"0":{"loc":{"start":{"line":5,"column":21},"end":{"line":5,"column":45}},"type":"binary-expr","locations":[{"start":{"line":5,"column":21},"end":{"line":5,"column":25}},{"start":{"line":5,"column":29},"end":{"line":5,"column":45}}],"line":5},"1":{"loc":{"start":{"line":6,"column":27},"end":{"line":6,"column":57}},"type":"binary-expr","locations":[{"start":{"line":6,"column":27},"end":{"line":6,"column":31}},{"start":{"line":6,"column":35},"end":{"line":6,"column":57}}],"line":6},"2":{"loc":{"start":{"line":9,"column":43},"end":{"line":9,"column":55}},"type":"default-arg","locations":[{"start":{"line":9,"column":53},"end":{"line":9,"column":55}}],"line":9}},"s":{"0":11,"1":11,"2":11,"3":57,"4":11,"5":52,"6":11,"7":43,"8":11,"9":24,"10":24,"11":11},"f":{"0":57,"1":52,"2":43,"3":24},"b":{"0":[57,55],"1":[52,51],"2":[15]},"_coverageSchema":"332fd63041d2c1bcb487cc26dd0d5f7d97098a6c","hash":"091fbc1144de04e8af6cdd00fe1fe1cdb0f6b09a"}
}
