TN:
SF:/Users/mmarinich/WebstormProjects 16.03.39/hierarchy-js/src/constants.js
FNF:0
FNH:0
DA:1,11
LF:1
LH:1
BRF:0
BRH:0
end_of_record
TN:
SF:/Users/mmarinich/WebstormProjects 16.03.39/hierarchy-js/src/index.js
FNF:0
FNH:0
DA:1,2
DA:2,2
DA:3,2
DA:5,2
LF:4
LH:4
BRF:0
BRH:0
end_of_record
TN:
SF:/Users/mmarinich/WebstormProjects 16.03.39/hierarchy-js/src/methods/createFlatHierarchy.js
FN:3,(anonymous_0)
FN:6,(anonymous_1)
FNF:2
FNH:2
FNDA:13,(anonymous_0)
FNDA:17,(anonymous_1)
DA:1,2
DA:3,2
DA:4,13
DA:6,13
DA:7,17
DA:8,8
DA:9,8
DA:11,8
DA:12,8
DA:14,8
DA:16,9
DA:19,13
DA:22,2
LF:13
LH:13
BRDA:3,0,0,8
BRDA:7,1,0,8
BRDA:7,1,1,9
BRDA:11,2,0,8
BRDA:11,2,1,8
BRDA:12,3,0,8
BRDA:12,3,1,6
BRDA:16,4,0,9
BRDA:16,4,1,7
BRF:9
BRH:9
end_of_record
TN:
SF:/Users/mmarinich/WebstormProjects 16.03.39/hierarchy-js/src/methods/createTreeHierarchy.js
FN:3,(anonymous_0)
FN:11,(anonymous_1)
FNF:2
FNH:2
FNDA:11,(anonymous_0)
FNDA:8,(anonymous_1)
DA:1,2
DA:3,2
DA:4,11
DA:6,11
DA:7,3
DA:9,11
DA:10,6
DA:11,8
DA:13,11
DA:16,2
LF:10
LH:10
BRDA:6,0,0,8
BRDA:6,0,1,3
BRDA:9,1,0,6
BRDA:9,1,1,5
BRDA:10,2,0,6
BRDA:10,2,1,4
BRF:6
BRH:6
end_of_record
TN:
SF:/Users/mmarinich/WebstormProjects 16.03.39/hierarchy-js/src/services/common.js
FN:4,(anonymous_0)
FN:5,(anonymous_1)
FN:8,(anonymous_2)
FN:13,(anonymous_3)
FN:14,(anonymous_4)
FN:17,(anonymous_5)
FN:19,(anonymous_6)
FN:22,(anonymous_7)
FN:27,(anonymous_8)
FN:35,(anonymous_9)
FN:35,(anonymous_10)
FNF:11
FNH:11
FNDA:12,(anonymous_0)
FNDA:29,(anonymous_1)
FNDA:20,(anonymous_2)
FNDA:6,(anonymous_3)
FNDA:13,(anonymous_4)
FNDA:11,(anonymous_5)
FNDA:36,(anonymous_6)
FNDA:6,(anonymous_7)
FNDA:8,(anonymous_8)
FNDA:9,(anonymous_9)
FNDA:14,(anonymous_10)
DA:1,7
DA:2,7
DA:4,7
DA:5,29
DA:8,7
DA:9,20
DA:10,20
DA:13,7
DA:14,13
DA:17,7
DA:18,11
DA:19,36
DA:22,7
DA:23,6
DA:24,6
DA:27,7
DA:28,8
DA:29,6
DA:30,6
DA:32,8
DA:35,9
DA:36,14
DA:37,10
DA:38,10
DA:42,7
LF:25
LH:25
BRDA:10,0,0,20
BRDA:10,0,1,19
BRDA:10,0,2,9
BRDA:13,1,0,1
BRDA:14,2,0,13
BRDA:14,2,1,12
BRDA:19,3,0,10
BRDA:19,3,1,1
BRDA:24,4,0,1
BRDA:24,4,1,5
BRDA:28,5,0,6
BRDA:28,5,1,2
BRDA:36,6,0,10
BRDA:36,6,1,4
BRDA:36,7,0,14
BRDA:36,7,1,11
BRF:16
BRH:16
end_of_record
TN:
SF:/Users/mmarinich/WebstormProjects 16.03.39/hierarchy-js/src/services/createCopy.js
FN:1,(anonymous_0)
FN:8,(anonymous_1)
FNF:2
FNH:2
FNDA:93,(anonymous_0)
FNDA:53,(anonymous_1)
DA:1,9
DA:2,93
DA:4,48
DA:5,48
DA:8,9
DA:9,53
DA:15,53
DA:18,9
LF:8
LH:8
BRDA:2,0,0,45
BRDA:2,0,1,48
BRDA:2,1,0,93
BRDA:2,1,1,90
BRDA:4,2,0,19
BRDA:4,2,1,29
BRF:6
BRH:6
end_of_record
TN:
SF:/Users/mmarinich/WebstormProjects 16.03.39/hierarchy-js/src/services/options.js
FN:5,(anonymous_0)
FN:6,(anonymous_1)
FN:7,(anonymous_2)
FN:9,(anonymous_3)
FNF:4
FNH:4
FNDA:57,(anonymous_0)
FNDA:52,(anonymous_1)
FNDA:43,(anonymous_2)
FNDA:24,(anonymous_3)
DA:1,11
DA:3,11
DA:5,57
DA:6,52
DA:7,43
DA:9,11
DA:10,24
DA:11,24
DA:14,11
LF:9
LH:9
BRDA:5,0,0,57
BRDA:5,0,1,55
BRDA:6,1,0,52
BRDA:6,1,1,51
BRDA:9,2,0,15
BRF:5
BRH:5
end_of_record
